<?xml version="1.0" encoding="UTF-8"?>
<testsuite xmlns:xsi="http://www.w3.org/2001/XMLSchema-instance" xsi:noNamespaceSchemaLocation="https://maven.apache.org/surefire/maven-surefire-plugin/xsd/surefire-test-report-3.0.xsd" version="3.0" name="com.example.runners.CucumberTest" time="25.338" tests="7" errors="0" skipped="0" failures="0">
  <properties>
[...]
</properties>
  <testcase name="Requisição GET bem-sucedida" classname="Testes de API com Rest Assured e Cucumber" time="1.523">
    <system-out><![CDATA[
@Teste01
Cenario: Requisição GET bem-sucedida                            &amp#27;[90m# features/api.feature:9&amp#27;[0m
  &amp#27;[32mDado &amp#27;[0m&amp#27;[32mque a API está disponível&amp#27;[0m                                &amp#27;[90m# com.example.steps.ApiSteps.queAAPIEstáDisponível()&amp#27;[0m
  &amp#27;[32mQuando &amp#27;[0m&amp#27;[32meu envio uma requisição GET para o endpoint &amp#27;[0m&amp#27;[32m&amp#27;[1m"/posts/1"&amp#27;[0m &amp#27;[90m# com.example.steps.ApiSteps.euEnvioUmaRequisiçãoGETParaOEndpoint(java.lang.String)&amp#27;[0m
  &amp#27;[32mEntao &amp#27;[0m&amp#27;[32mo código de status da resposta deve ser &amp#27;[0m&amp#27;[32m&amp#27;[1m200&amp#27;[0m             &amp#27;[90m# com.example.steps.ApiSteps.oCódigoDeStatusDaRespostaDeveSer(int)&amp#27;[0m
  &amp#27;[32mE &amp#27;[0m&amp#27;[32mo corpo da resposta deve conter o campo &amp#27;[0m&amp#27;[32m&amp#27;[1m"userId"&amp#27;[0m            &amp#27;[90m# com.example.steps.ApiSteps.oCorpoDaRespostaDeveConterOCampo(java.lang.String)&amp#27;[0m
]]></system-out>
  </testcase>
  <testcase name="Buscar post existente" classname="Testes de API com Rest Assured e Cucumber" time="1.107">
    <system-out><![CDATA[
@Teste02
Cenario: Buscar post existente                                  &amp#27;[90m# features/api.feature:16&amp#27;[0m
  &amp#27;[32mDado &amp#27;[0m&amp#27;[32mque a API está disponível&amp#27;[0m                                &amp#27;[90m# com.example.steps.ApiSteps.queAAPIEstáDisponível()&amp#27;[0m
  &amp#27;[32mQuando &amp#27;[0m&amp#27;[32meu envio uma requisição GET para o endpoint &amp#27;[0m&amp#27;[32m&amp#27;[1m"/posts/1"&amp#27;[0m &amp#27;[90m# com.example.steps.ApiSteps.euEnvioUmaRequisiçãoGETParaOEndpoint(java.lang.String)&amp#27;[0m
  &amp#27;[32mEntao &amp#27;[0m&amp#27;[32mo código de status da resposta deve ser &amp#27;[0m&amp#27;[32m&amp#27;[1m200&amp#27;[0m             &amp#27;[90m# com.example.steps.ApiSteps.oCódigoDeStatusDaRespostaDeveSer(int)&amp#27;[0m
  &amp#27;[32mE &amp#27;[0m&amp#27;[32mo corpo da resposta deve conter o campo &amp#27;[0m&amp#27;[32m&amp#27;[1m"userId"&amp#27;[0m            &amp#27;[90m# com.example.steps.ApiSteps.oCorpoDaRespostaDeveConterOCampo(java.lang.String)&amp#27;[0m
]]></system-out>
  </testcase>
  <testcase name="Buscar post inexistente" classname="Testes de API com Rest Assured e Cucumber" time="0.896">
    <system-out><![CDATA[
@Teste03
Cenario: Buscar post inexistente                                   &amp#27;[90m# features/api.feature:23&amp#27;[0m
  &amp#27;[32mDado &amp#27;[0m&amp#27;[32mque a API está disponível&amp#27;[0m                                   &amp#27;[90m# com.example.steps.ApiSteps.queAAPIEstáDisponível()&amp#27;[0m
  &amp#27;[32mQuando &amp#27;[0m&amp#27;[32meu envio uma requisição GET para o endpoint &amp#27;[0m&amp#27;[32m&amp#27;[1m"/posts/9999"&amp#27;[0m &amp#27;[90m# com.example.steps.ApiSteps.euEnvioUmaRequisiçãoGETParaOEndpoint(java.lang.String)&amp#27;[0m
  &amp#27;[32mEntao &amp#27;[0m&amp#27;[32mo código de status da resposta deve ser &amp#27;[0m&amp#27;[32m&amp#27;[1m404&amp#27;[0m                &amp#27;[90m# com.example.steps.ApiSteps.oCódigoDeStatusDaRespostaDeveSer(int)&amp#27;[0m
]]></system-out>
  </testcase>
  <testcase name="Criar novo post" classname="Testes de API com Rest Assured e Cucumber" time="1.58">
    <system-out><![CDATA[
@Teste04
Cenario: Criar novo post                                                    &amp#27;[90m# features/api.feature:29&amp#27;[0m
  &amp#27;[32mDado &amp#27;[0m&amp#27;[32mque a API está disponível&amp#27;[0m                                            &amp#27;[90m# com.example.steps.ApiSteps.queAAPIEstáDisponível()&amp#27;[0m
  &amp#27;[32mQuando &amp#27;[0m&amp#27;[32meu envio uma requisição POST para o endpoint &amp#27;[0m&amp#27;[32m&amp#27;[1m"/posts"&amp#27;[0m&amp#27;[32m com o corpo:&amp#27;[0m &amp#27;[90m# com.example.steps.ApiSteps.euEnvioUmaRequisiçãoPOSTParaOEndpointComOCorpo(java.lang.String,java.lang.String)&amp#27;[0m
  &amp#27;[32mEntao &amp#27;[0m&amp#27;[32mo código de status da resposta deve ser &amp#27;[0m&amp#27;[32m&amp#27;[1m201&amp#27;[0m                         &amp#27;[90m# com.example.steps.ApiSteps.oCódigoDeStatusDaRespostaDeveSer(int)&amp#27;[0m
  &amp#27;[32mE &amp#27;[0m&amp#27;[32mo corpo da resposta deve conter o campo &amp#27;[0m&amp#27;[32m&amp#27;[1m"title"&amp#27;[0m                         &amp#27;[90m# com.example.steps.ApiSteps.oCorpoDaRespostaDeveConterOCampo(java.lang.String)&amp#27;[0m
]]></system-out>
  </testcase>
  <testcase name="Atualizar post existente" classname="Testes de API com Rest Assured e Cucumber" time="1.182">
    <system-out><![CDATA[
@Teste05
Cenario: Atualizar post existente                                            &amp#27;[90m# features/api.feature:43&amp#27;[0m
  &amp#27;[32mDado &amp#27;[0m&amp#27;[32mque a API está disponível&amp#27;[0m                                             &amp#27;[90m# com.example.steps.ApiSteps.queAAPIEstáDisponível()&amp#27;[0m
  &amp#27;[32mQuando &amp#27;[0m&amp#27;[32meu envio uma requisição PUT para o endpoint &amp#27;[0m&amp#27;[32m&amp#27;[1m"/posts/1"&amp#27;[0m&amp#27;[32m com o corpo:&amp#27;[0m &amp#27;[90m# com.example.steps.ApiSteps.euEnvioUmaRequisiçãoPUTParaOEndpointComOCorpo(java.lang.String,java.lang.String)&amp#27;[0m
  &amp#27;[32mEntao &amp#27;[0m&amp#27;[32mo código de status da resposta deve ser &amp#27;[0m&amp#27;[32m&amp#27;[1m200&amp#27;[0m                          &amp#27;[90m# com.example.steps.ApiSteps.oCódigoDeStatusDaRespostaDeveSer(int)&amp#27;[0m
  &amp#27;[32mE &amp#27;[0m&amp#27;[32mo corpo da resposta deve conter o campo &amp#27;[0m&amp#27;[32m&amp#27;[1m"title"&amp#27;[0m                          &amp#27;[90m# com.example.steps.ApiSteps.oCorpoDaRespostaDeveConterOCampo(java.lang.String)&amp#27;[0m
]]></system-out>
  </testcase>
  <testcase name="Deletar post existente" classname="Testes de API com Rest Assured e Cucumber" time="1.519">
    <system-out><![CDATA[
@Teste06
Cenario: Deletar post existente                                    &amp#27;[90m# features/api.feature:58&amp#27;[0m
  &amp#27;[32mDado &amp#27;[0m&amp#27;[32mque a API está disponível&amp#27;[0m                                   &amp#27;[90m# com.example.steps.ApiSteps.queAAPIEstáDisponível()&amp#27;[0m
  &amp#27;[32mQuando &amp#27;[0m&amp#27;[32meu envio uma requisição DELETE para o endpoint &amp#27;[0m&amp#27;[32m&amp#27;[1m"/posts/1"&amp#27;[0m &amp#27;[90m# com.example.steps.ApiSteps.euEnvioUmaRequisiçãoDELETEParaOEndpoint(java.lang.String)&amp#27;[0m
  &amp#27;[32mEntao &amp#27;[0m&amp#27;[32mo código de status da resposta deve ser &amp#27;[0m&amp#27;[32m&amp#27;[1m200&amp#27;[0m                &amp#27;[90m# com.example.steps.ApiSteps.oCódigoDeStatusDaRespostaDeveSer(int)&amp#27;[0m
]]></system-out>
  </testcase>
  <testcase name="Buscar lista de usuários" classname="Testes de API com Rest Assured e Cucumber" time="0.641">
    <system-out><![CDATA[
@Teste07
Cenario: Buscar lista de usuários                             &amp#27;[90m# features/api.feature:64&amp#27;[0m
  &amp#27;[32mDado &amp#27;[0m&amp#27;[32mque a API está disponível&amp#27;[0m                              &amp#27;[90m# com.example.steps.ApiSteps.queAAPIEstáDisponível()&amp#27;[0m
  &amp#27;[32mQuando &amp#27;[0m&amp#27;[32meu envio uma requisição GET para o endpoint &amp#27;[0m&amp#27;[32m&amp#27;[1m"/users"&amp#27;[0m &amp#27;[90m# com.example.steps.ApiSteps.euEnvioUmaRequisiçãoGETParaOEndpoint(java.lang.String)&amp#27;[0m
  &amp#27;[32mEntao &amp#27;[0m&amp#27;[32mo código de status da resposta deve ser &amp#27;[0m&amp#27;[32m&amp#27;[1m200&amp#27;[0m           &amp#27;[90m# com.example.steps.ApiSteps.oCódigoDeStatusDaRespostaDeveSer(int)&amp#27;[0m
  &amp#27;[32mE &amp#27;[0m&amp#27;[32mo corpo da resposta deve conter o campo &amp#27;[0m&amp#27;[32m&amp#27;[1m"username"&amp#27;[0m        &amp#27;[90m# com.example.steps.ApiSteps.oCorpoDaRespostaDeveConterOCampo(java.lang.String)&amp#27;[0m
]]></system-out>
  </testcase>
</testsuite>